<?xml version="1.0" encoding="UTF-8"?>
<!-- Generated by org.testng.reporters.JUnitXMLReporter -->
<testsuite ignored="0" hostname="Swati" failures="2" tests="5" name="Surefire test" time="51.289" errors="0" timestamp="2024-11-07T14:36:02 IST">
  <testcase classname="swatikagalkarprojects.Tests.ErrorValidationsTest" name="loginErrorValidation" time="0.539">
    <failure type="java.lang.AssertionError" message="expected [Incorrect email or password.] but found [Incorrect email or pssword.]">
      <![CDATA[java.lang.AssertionError: expected [Incorrect email or password.] but found [Incorrect email or pssword.]
at swatikagalkarprojects.Tests.ErrorValidationsTest.loginErrorValidation(ErrorValidationsTest.java:24)
at java.base/java.util.ArrayList.forEach(ArrayList.java:1596)
... Removed 36 stack frames]]>
    </failure>
  </testcase> <!-- loginErrorValidation -->
  <testcase classname="swatikagalkarprojects.Tests.ErrorValidationsTest" name="productErrorValidation" time="13.585"/>
  <testcase classname="swatikagalkarprojects.Tests.SubmitOrderTest" name="submitOrder" time="13.611">
    <failure type="java.lang.AssertionError" message="expected [true] but found [false]">
      <![CDATA[java.lang.AssertionError: expected [true] but found [false]
at swatikagalkarprojects.Tests.SubmitOrderTest.submitOrder(SubmitOrderTest.java:35)
at java.base/java.util.ArrayList.forEach(ArrayList.java:1596)
... Removed 34 stack frames]]>
    </failure>
  </testcase> <!-- submitOrder -->
  <testcase classname="swatikagalkarprojects.Tests.SubmitOrderTest" name="submitOrder" time="14.473"/>
  <testcase classname="swatikagalkarprojects.Tests.SubmitOrderTest" name="orderHistoryTest" time="0.0">
    <skipped/>
  </testcase> <!-- orderHistoryTest -->
</testsuite> <!-- Surefire test -->
