<?xml version="1.0" encoding="UTF-8"?>
<!-- Generated by org.testng.reporters.JUnitXMLReporter -->
<testsuite ignored="0" hostname="Swati" failures="0" tests="3" name="Default test" time="36.923" errors="0" timestamp="2024-11-07T14:03:44 IST">
  <testcase classname="swatikagalkarprojects.Tests.SubmitOrderTest" name="submitOrder" time="14.474"/>
  <testcase classname="swatikagalkarprojects.Tests.SubmitOrderTest" name="submitOrder" time="14.441"/>
  <testcase classname="swatikagalkarprojects.Tests.SubmitOrderTest" name="orderHistoryTest" time="0.625"/>
</testsuite> <!-- Default test -->
