<?xml version="1.0" encoding="UTF-8"?>
<!-- Generated by org.testng.reporters.JUnitXMLReporter -->
<testsuite ignored="0" hostname="Swati" failures="2" tests="2" name="ErrorValidationsTest" time="16.36" errors="0" timestamp="2024-11-06T21:39:02 IST">
  <testcase classname="swatikagalkarprojects.Tests.ErrorValidationsTest" name="ProductErrorValidations" time="0.004">
    <failure type="java.lang.NullPointerException" message="Cannot invoke &amp;quot;swatikagalkarproject.pageObjects.LandingPage.loginApplication(String, String)&amp;quot; because &amp;quot;this.landingPage&amp;quot; is null">
      <![CDATA[java.lang.NullPointerException: Cannot invoke "swatikagalkarproject.pageObjects.LandingPage.loginApplication(String, String)" because "this.landingPage" is null
at swatikagalkarprojects.Tests.ErrorValidationsTest.ProductErrorValidations(ErrorValidationsTest.java:31)
at java.base/java.util.ArrayList.forEach(ArrayList.java:1596)
... Removed 25 stack frames]]>
    </failure>
  </testcase> <!-- ProductErrorValidations -->
  <testcase classname="swatikagalkarprojects.Tests.ErrorValidationsTest" name="loginErrorValidation" time="0.002">
    <failure type="java.lang.NullPointerException" message="Cannot invoke &amp;quot;swatikagalkarproject.pageObjects.LandingPage.loginApplication(String, String)&amp;quot; because &amp;quot;this.landingPage&amp;quot; is null">
      <![CDATA[java.lang.NullPointerException: Cannot invoke "swatikagalkarproject.pageObjects.LandingPage.loginApplication(String, String)" because "this.landingPage" is null
at swatikagalkarprojects.Tests.ErrorValidationsTest.loginErrorValidation(ErrorValidationsTest.java:23)
at java.base/java.util.ArrayList.forEach(ArrayList.java:1596)
... Removed 25 stack frames]]>
    </failure>
  </testcase> <!-- loginErrorValidation -->
</testsuite> <!-- ErrorValidationsTest -->
