<?xml version="1.0" encoding="UTF-8"?>
<!-- Generated by org.testng.reporters.JUnitXMLReporter -->
<testsuite ignored="0" hostname="Swati" failures="0" tests="3" name="Submit Order Test" time="36.677" errors="0" timestamp="2024-11-07T14:07:09 IST">
  <testcase classname="swatikagalkarprojects.Tests.SubmitOrderTest" name="submitOrder" time="14.864"/>
  <testcase classname="swatikagalkarprojects.Tests.SubmitOrderTest" name="submitOrder" time="14.609"/>
  <testcase classname="swatikagalkarprojects.Tests.SubmitOrderTest" name="orderHistoryTest" time="0.637"/>
</testsuite> <!-- Submit Order Test -->
