<?xml version="1.0" encoding="UTF-8"?>
<!-- Generated by org.testng.reporters.JUnitXMLReporter -->
<testsuite ignored="0" hostname="Swati" failures="0" tests="3" name="Submit Order Test" time="40.919" errors="0" timestamp="2024-11-07T14:47:07 IST">
  <testcase classname="swatikagalkarprojects.Tests.SubmitOrderTest" name="submitOrder" time="14.791"/>
  <testcase classname="swatikagalkarprojects.Tests.SubmitOrderTest" name="submitOrder" time="14.598"/>
  <testcase classname="swatikagalkarprojects.Tests.SubmitOrderTest" name="orderHistoryTest" time="0.666"/>
</testsuite> <!-- Submit Order Test -->
